#
# There is insufficient memory for the Java Runtime Environment to continue.
# Native memory allocation (malloc) failed to allocate 496016 bytes for Chunk::new
# Possible reasons:
#   The system is out of physical RAM or swap space
#   In 32 bit mode, the process size limit was hit
# Possible solutions:
#   Reduce memory load on the system
#   Increase physical memory or swap space
#   Check if swap backing store is full
#   Use 64 bit Java on a 64 bit OS
#   Decrease Java heap size (-Xmx/-Xms)
#   Decrease number of Java threads
#   Decrease Java thread stack sizes (-Xss)
#   Set larger code cache with -XX:ReservedCodeCacheSize=
# This output file may be truncated or incomplete.
#
#  Out of Memory Error (allocation.cpp:390), pid=6292, tid=5876
#
# JRE version: Java(TM) SE Runtime Environment (8.0_25-b18) (build 1.8.0_25-b18)
# Java VM: Java HotSpot(TM) 64-Bit Server VM (25.25-b02 mixed mode windows-amd64 compressed oops)
# Failed to write core dump. Minidumps are not enabled by default on client versions of Windows
#

---------------  T H R E A D  ---------------

Current thread (0x000000001455b800):  JavaThread "C2 CompilerThread0" daemon [_thread_in_native, id=5876, stack(0x0000000015ac0000,0x0000000015bc0000)]

Stack: [0x0000000015ac0000,0x0000000015bc0000]
Native frames: (J=compiled Java code, j=interpreted, Vv=VM code, C=native code)
V  [jvm.dll+0x31667a]
V  [jvm.dll+0x267073]
V  [jvm.dll+0x267cb3]
V  [jvm.dll+0x25f5b5]
V  [jvm.dll+0xbf165]
V  [jvm.dll+0xbf60c]
V  [jvm.dll+0x478fbc]
V  [jvm.dll+0x446103]
V  [jvm.dll+0x45130e]
V  [jvm.dll+0x4538f8]
V  [jvm.dll+0x437372]
V  [jvm.dll+0x98a02]
V  [jvm.dll+0x991f3]
V  [jvm.dll+0x22bde4]
V  [jvm.dll+0x2852fa]
C  [msvcr100.dll+0x21d9f]
C  [msvcr100.dll+0x21e3b]
C  [KERNEL32.DLL+0x13d2]
C  [ntdll.dll+0x15454]


Current CompileTask:
C2:  17634 1891       4       com.android.dx.dex.code.OutputFinisher::addConstants (93 bytes)


---------------  P R O C E S S  ---------------

Java Threads: ( => current thread )
  0x00000000145ba000 JavaThread "Service Thread" daemon [_thread_blocked, id=1460, stack(0x0000000015dc0000,0x0000000015ec0000)]
  0x00000000145b0000 JavaThread "C1 CompilerThread2" daemon [_thread_blocked, id=6536, stack(0x0000000015cc0000,0x0000000015dc0000)]
  0x00000000145ad000 JavaThread "C2 CompilerThread1" daemon [_thread_in_native, id=3416, stack(0x0000000015bc0000,0x0000000015cc0000)]
=>0x000000001455b800 JavaThread "C2 CompilerThread0" daemon [_thread_in_native, id=5876, stack(0x0000000015ac0000,0x0000000015bc0000)]
  0x000000001455a000 JavaThread "Attach Listener" daemon [_thread_blocked, id=6464, stack(0x00000000159c0000,0x0000000015ac0000)]
  0x0000000014558800 JavaThread "Signal Dispatcher" daemon [_thread_blocked, id=3504, stack(0x00000000158c0000,0x00000000159c0000)]
  0x0000000001e86000 JavaThread "Finalizer" daemon [_thread_blocked, id=5264, stack(0x00000000157c0000,0x00000000158c0000)]
  0x0000000001e7d000 JavaThread "Reference Handler" daemon [_thread_blocked, id=6864, stack(0x00000000156c0000,0x00000000157c0000)]
  0x0000000001d90800 JavaThread "main" [_thread_in_Java, id=6908, stack(0x0000000001c50000,0x0000000001d50000)]

Other Threads:
  0x0000000014525800 VMThread [stack: 0x00000000155c0000,0x00000000156c0000] [id=1268]
  0x00000000145bd000 WatcherThread [stack: 0x0000000015ec0000,0x0000000015fc0000] [id=6168]

VM state:not at safepoint (normal execution)

VM Mutex/Monitor currently owned by a thread: None

Heap:
 PSYoungGen      total 68096K, used 15812K [0x00000000eab00000, 0x00000000ef000000, 0x0000000100000000)
  eden space 65536K, 20% used [0x00000000eab00000,0x00000000eb7f91e8,0x00000000eeb00000)
  from space 2560K, 98% used [0x00000000eed80000,0x00000000eeff8028,0x00000000ef000000)
  to   space 2560K, 0% used [0x00000000eeb00000,0x00000000eeb00000,0x00000000eed80000)
 ParOldGen       total 44032K, used 14386K [0x00000000c0000000, 0x00000000c2b00000, 0x00000000eab00000)
  object space 44032K, 32% used [0x00000000c0000000,0x00000000c0e0caa8,0x00000000c2b00000)
 Metaspace       used 6472K, capacity 7408K, committed 7552K, reserved 1056768K
  class space    used 602K, capacity 616K, committed 640K, reserved 1048576K

Card table byte_map: [0x0000000011250000,0x0000000011460000] byte_map_base: 0x0000000010c50000

Marking Bits: (ParMarkBitMap*) 0x000000006433d490
 Begin Bits: [0x00000000119c0000, 0x00000000129c0000)
 End Bits:   [0x00000000129c0000, 0x00000000139c0000)

Polling page: 0x0000000000420000

CodeCache: size=245760Kb used=8733Kb max_used=8733Kb free=237026Kb
 bounds [0x0000000001e90000, 0x0000000002720000, 0x0000000010e90000]
 total_blobs=2336 nmethods=2071 adapters=178
 compilation: enabled

Compilation events (10 events):
Event: 16.520 Thread 0x00000000145b0000 1892       1       com.android.dx.dex.code.OutputFinisher::hasAnyPositionInfo (5 bytes)
Event: 16.520 Thread 0x00000000145b0000 nmethod 1892 0x000000000267a490 code [0x000000000267a5e0, 0x000000000267a6f0]
Event: 16.527 Thread 0x00000000145b0000 1896       3       com.android.dx.dex.code.StdCatchBuilder::hasAnyCatches (57 bytes)
Event: 16.529 Thread 0x00000000145b0000 nmethod 1896 0x00000000026897d0 code [0x00000000026899c0, 0x000000000268a6f8]
Event: 16.532 Thread 0x00000000145b0000 1897       3       com.android.dx.dex.file.CodeItem::addContents (174 bytes)
Event: 16.535 Thread 0x00000000145b0000 nmethod 1897 0x000000000268bd50 code [0x000000000268c060, 0x000000000268da08]
Event: 16.567 Thread 0x00000000145ad000 nmethod 1802 0x0000000002698950 code [0x0000000002699080, 0x00000000026a1b08]
Event: 16.569 Thread 0x00000000145ad000 1894       4       java.util.HashMap::putVal (300 bytes)
Event: 16.587 Thread 0x00000000145ad000 nmethod 1894 0x0000000002695b50 code [0x0000000002695d00, 0x00000000026964a8]
Event: 16.587 Thread 0x00000000145ad000 1893       4       com.android.dx.dex.code.OutputFinisher::addConstants (68 bytes)

GC Heap History (8 events):
Event: 3.136 GC heap before
{Heap before GC invocations=1 (full 0):
 PSYoungGen      total 18944K, used 16384K [0x00000000eab00000, 0x00000000ec000000, 0x0000000100000000)
  eden space 16384K, 100% used [0x00000000eab00000,0x00000000ebb00000,0x00000000ebb00000)
  from space 2560K, 0% used [0x00000000ebd80000,0x00000000ebd80000,0x00000000ec000000)
  to   space 2560K, 0% used [0x00000000ebb00000,0x00000000ebb00000,0x00000000ebd80000)
 ParOldGen       total 44032K, used 0K [0x00000000c0000000, 0x00000000c2b00000, 0x00000000eab00000)
  object space 44032K, 0% used [0x00000000c0000000,0x00000000c0000000,0x00000000c2b00000)
 Metaspace       used 5657K, capacity 6768K, committed 7040K, reserved 1056768K
  class space    used 580K, capacity 616K, committed 640K, reserved 1048576K
Event: 3.225 GC heap after
Heap after GC invocations=1 (full 0):
 PSYoungGen      total 18944K, used 2551K [0x00000000eab00000, 0x00000000ed000000, 0x0000000100000000)
  eden space 16384K, 0% used [0x00000000eab00000,0x00000000eab00000,0x00000000ebb00000)
  from space 2560K, 99% used [0x00000000ebb00000,0x00000000ebd7dc78,0x00000000ebd80000)
  to   space 2560K, 0% used [0x00000000ecd80000,0x00000000ecd80000,0x00000000ed000000)
 ParOldGen       total 44032K, used 1640K [0x00000000c0000000, 0x00000000c2b00000, 0x00000000eab00000)
  object space 44032K, 3% used [0x00000000c0000000,0x00000000c019a050,0x00000000c2b00000)
 Metaspace       used 5657K, capacity 6768K, committed 7040K, reserved 1056768K
  class space    used 580K, capacity 616K, committed 640K, reserved 1048576K
}
Event: 5.852 GC heap before
{Heap before GC invocations=2 (full 0):
 PSYoungGen      total 18944K, used 18935K [0x00000000eab00000, 0x00000000ed000000, 0x0000000100000000)
  eden space 16384K, 100% used [0x00000000eab00000,0x00000000ebb00000,0x00000000ebb00000)
  from space 2560K, 99% used [0x00000000ebb00000,0x00000000ebd7dc78,0x00000000ebd80000)
  to   space 2560K, 0% used [0x00000000ecd80000,0x00000000ecd80000,0x00000000ed000000)
 ParOldGen       total 44032K, used 1640K [0x00000000c0000000, 0x00000000c2b00000, 0x00000000eab00000)
  object space 44032K, 3% used [0x00000000c0000000,0x00000000c019a050,0x00000000c2b00000)
 Metaspace       used 5961K, capacity 7024K, committed 7296K, reserved 1056768K
  class space    used 583K, capacity 616K, committed 640K, reserved 1048576K
Event: 5.954 GC heap after
Heap after GC invocations=2 (full 0):
 PSYoungGen      total 35328K, used 2535K [0x00000000eab00000, 0x00000000ed000000, 0x0000000100000000)
  eden space 32768K, 0% used [0x00000000eab00000,0x00000000eab00000,0x00000000ecb00000)
  from space 2560K, 99% used [0x00000000ecd80000,0x00000000ecff9c98,0x00000000ed000000)
  to   space 2560K, 0% used [0x00000000ecb00000,0x00000000ecb00000,0x00000000ecd80000)
 ParOldGen       total 44032K, used 3962K [0x00000000c0000000, 0x00000000c2b00000, 0x00000000eab00000)
  object space 44032K, 8% used [0x00000000c0000000,0x00000000c03de9d8,0x00000000c2b00000)
 Metaspace       used 5961K, capacity 7024K, committed 7296K, reserved 1056768K
  class space    used 583K, capacity 616K, committed 640K, reserved 1048576K
}
Event: 10.162 GC heap before
{Heap before GC invocations=3 (full 0):
 PSYoungGen      total 35328K, used 35303K [0x00000000eab00000, 0x00000000ed000000, 0x0000000100000000)
  eden space 32768K, 100% used [0x00000000eab00000,0x00000000ecb00000,0x00000000ecb00000)
  from space 2560K, 99% used [0x00000000ecd80000,0x00000000ecff9c98,0x00000000ed000000)
  to   space 2560K, 0% used [0x00000000ecb00000,0x00000000ecb00000,0x00000000ecd80000)
 ParOldGen       total 44032K, used 3962K [0x00000000c0000000, 0x00000000c2b00000, 0x00000000eab00000)
  object space 44032K, 8% used [0x00000000c0000000,0x00000000c03de9d8,0x00000000c2b00000)
 Metaspace       used 6096K, capacity 7088K, committed 7296K, reserved 1056768K
  class space    used 584K, capacity 616K, committed 640K, reserved 1048576K
Event: 11.521 GC heap after
Heap after GC invocations=3 (full 0):
 PSYoungGen      total 35328K, used 2528K [0x00000000eab00000, 0x00000000ef000000, 0x0000000100000000)
  eden space 32768K, 0% used [0x00000000eab00000,0x00000000eab00000,0x00000000ecb00000)
  from space 2560K, 98% used [0x00000000ecb00000,0x00000000ecd78028,0x00000000ecd80000)
  to   space 2560K, 0% used [0x00000000eed80000,0x00000000eed80000,0x00000000ef000000)
 ParOldGen       total 44032K, used 8932K [0x00000000c0000000, 0x00000000c2b00000, 0x00000000eab00000)
  object space 44032K, 20% used [0x00000000c0000000,0x00000000c08b9330,0x00000000c2b00000)
 Metaspace       used 6096K, capacity 7088K, committed 7296K, reserved 1056768K
  class space    used 584K, capacity 616K, committed 640K, reserved 1048576K
}
Event: 14.915 GC heap before
{Heap before GC invocations=4 (full 0):
 PSYoungGen      total 35328K, used 35296K [0x00000000eab00000, 0x00000000ef000000, 0x0000000100000000)
  eden space 32768K, 100% used [0x00000000eab00000,0x00000000ecb00000,0x00000000ecb00000)
  from space 2560K, 98% used [0x00000000ecb00000,0x00000000ecd78028,0x00000000ecd80000)
  to   space 2560K, 0% used [0x00000000eed80000,0x00000000eed80000,0x00000000ef000000)
 ParOldGen       total 44032K, used 8932K [0x00000000c0000000, 0x00000000c2b00000, 0x00000000eab00000)
  object space 44032K, 20% used [0x00000000c0000000,0x00000000c08b9330,0x00000000c2b00000)
 Metaspace       used 6167K, capacity 7152K, committed 7296K, reserved 1056768K
  class space    used 585K, capacity 616K, committed 640K, reserved 1048576K
Event: 15.333 GC heap after
Heap after GC invocations=4 (full 0):
 PSYoungGen      total 68096K, used 2528K [0x00000000eab00000, 0x00000000ef000000, 0x0000000100000000)
  eden space 65536K, 0% used [0x00000000eab00000,0x00000000eab00000,0x00000000eeb00000)
  from space 2560K, 98% used [0x00000000eed80000,0x00000000eeff8028,0x00000000ef000000)
  to   space 2560K, 0% used [0x00000000eeb00000,0x00000000eeb00000,0x00000000eed80000)
 ParOldGen       total 44032K, used 14386K [0x00000000c0000000, 0x00000000c2b00000, 0x00000000eab00000)
  object space 44032K, 32% used [0x00000000c0000000,0x00000000c0e0caa8,0x00000000c2b00000)
 Metaspace       used 6167K, capacity 7152K, committed 7296K, reserved 1056768K
  class space    used 585K, capacity 616K, committed 640K, reserved 1048576K
}

Deoptimization events (10 events):
Event: 16.302 Thread 0x0000000001d90800 Uncommon trap: reason=bimorphic action=maybe_recompile pc=0x000000000211e62c method=java.util.HashMap.getNode(ILjava/lang/Object;)Ljava/util/HashMap$Node; @ 126
Event: 16.303 Thread 0x0000000001d90800 Uncommon trap: reason=class_check action=maybe_recompile pc=0x0000000002291098 method=java.util.HashMap.putVal(ILjava/lang/Object;Ljava/lang/Object;ZZ)Ljava/lang/Object; @ 203
Event: 16.315 Thread 0x0000000001d90800 Uncommon trap: reason=bimorphic action=maybe_recompile pc=0x00000000020b2690 method=java.util.HashMap.getNode(ILjava/lang/Object;)Ljava/util/HashMap$Node; @ 126
Event: 16.315 Thread 0x0000000001d90800 Uncommon trap: reason=class_check action=maybe_recompile pc=0x0000000002291098 method=java.util.HashMap.putVal(ILjava/lang/Object;Ljava/lang/Object;ZZ)Ljava/lang/Object; @ 203
Event: 16.315 Thread 0x0000000001d90800 Uncommon trap: reason=class_check action=maybe_recompile pc=0x0000000002291098 method=java.util.HashMap.putVal(ILjava/lang/Object;Ljava/lang/Object;ZZ)Ljava/lang/Object; @ 203
Event: 16.316 Thread 0x0000000001d90800 Uncommon trap: reason=class_check action=maybe_recompile pc=0x0000000002291098 method=java.util.HashMap.putVal(ILjava/lang/Object;Ljava/lang/Object;ZZ)Ljava/lang/Object; @ 203
Event: 16.373 Thread 0x0000000001d90800 Uncommon trap: reason=bimorphic action=maybe_recompile pc=0x0000000002681ee8 method=java.util.HashMap.putVal(ILjava/lang/Object;Ljava/lang/Object;ZZ)Ljava/lang/Object; @ 203
Event: 16.373 Thread 0x0000000001d90800 Uncommon trap: reason=bimorphic action=maybe_recompile pc=0x0000000002681ee8 method=java.util.HashMap.putVal(ILjava/lang/Object;Ljava/lang/Object;ZZ)Ljava/lang/Object; @ 203
Event: 16.373 Thread 0x0000000001d90800 Uncommon trap: reason=bimorphic action=maybe_recompile pc=0x0000000002681ee8 method=java.util.HashMap.putVal(ILjava/lang/Object;Ljava/lang/Object;ZZ)Ljava/lang/Object; @ 203
Event: 16.373 Thread 0x0000000001d90800 Uncommon trap: reason=bimorphic action=maybe_recompile pc=0x0000000002681ee8 method=java.util.HashMap.putVal(ILjava/lang/Object;Ljava/lang/Object;ZZ)Ljava/lang/Object; @ 203

Internal exceptions (10 events):
Event: 2.659 Thread 0x0000000016232000 Exception <a 'java/security/PrivilegedActionException'> (0x00000000eb6cec18) thrown at [D:\re\workspace\8-2-build-windows-amd64-cygwin\jdk8u25\1677\hotspot\src\share\vm\prims\jvm.cpp, line 1312]
Event: 3.243 Thread 0x0000000016224000 Implicit null exception at 0x00000000021f65e2 to 0x00000000021f66d5
Event: 3.931 Thread 0x0000000016210800 Exception <a 'java/security/PrivilegedActionException'> (0x00000000eb10a220) thrown at [D:\re\workspace\8-2-build-windows-amd64-cygwin\jdk8u25\1677\hotspot\src\share\vm\prims\jvm.cpp, line 1312]
Event: 5.188 Thread 0x0000000016232000 Implicit null exception at 0x000000000223cac6 to 0x000000000223dfad
Event: 5.189 Thread 0x0000000016232000 Implicit null exception at 0x0000000002234453 to 0x0000000002235931
Event: 5.270 Thread 0x0000000001d90800 Exception <a 'java/security/PrivilegedActionException'> (0x00000000eb598808) thrown at [D:\re\workspace\8-2-build-windows-amd64-cygwin\jdk8u25\1677\hotspot\src\share\vm\prims\jvm.cpp, line 1312]
Event: 6.423 Thread 0x0000000001d90800 Exception <a 'java/security/PrivilegedActionException'> (0x00000000eb14adc0) thrown at [D:\re\workspace\8-2-build-windows-amd64-cygwin\jdk8u25\1677\hotspot\src\share\vm\prims\jvm.cpp, line 1312]
Event: 11.759 Thread 0x0000000016210800 Exception <a 'java/security/PrivilegedActionException'> (0x00000000eadf6580) thrown at [D:\re\workspace\8-2-build-windows-amd64-cygwin\jdk8u25\1677\hotspot\src\share\vm\prims\jvm.cpp, line 1312]
Event: 12.150 Thread 0x0000000016224000 Exception <a 'java/security/PrivilegedActionException'> (0x00000000eb8ca690) thrown at [D:\re\workspace\8-2-build-windows-amd64-cygwin\jdk8u25\1677\hotspot\src\share\vm\prims\jvm.cpp, line 1312]
Event: 16.371 Thread 0x0000000001d90800 Exception <a 'java/security/PrivilegedActionException'> (0x00000000eb3911d0) thrown at [D:\re\workspace\8-2-build-windows-amd64-cygwin\jdk8u25\1677\hotspot\src\share\vm\prims\jvm.cpp, line 1312]

Events (10 events):
Event: 16.373 Thread 0x0000000001d90800 DEOPT UNPACKING pc=0x0000000001ed556a sp=0x0000000001d4ec38 mode 2
Event: 16.373 Thread 0x0000000001d90800 Uncommon trap: trap_request=0xffffffc6 fr.pc=0x0000000002681ee8
Event: 16.373 Thread 0x0000000001d90800 DEOPT PACKING pc=0x0000000002681ee8 sp=0x0000000001d4ecc0
Event: 16.373 Thread 0x0000000001d90800 DEOPT UNPACKING pc=0x0000000001ed556a sp=0x0000000001d4ec38 mode 2
Event: 16.373 Thread 0x0000000001d90800 Uncommon trap: trap_request=0xffffffc6 fr.pc=0x0000000002681ee8
Event: 16.373 Thread 0x0000000001d90800 DEOPT PACKING pc=0x0000000002681ee8 sp=0x0000000001d4ecc0
Event: 16.373 Thread 0x0000000001d90800 DEOPT UNPACKING pc=0x0000000001ed556a sp=0x0000000001d4ec38 mode 2
Event: 16.373 Thread 0x0000000001d90800 Uncommon trap: trap_request=0xffffffc6 fr.pc=0x0000000002681ee8
Event: 16.374 Thread 0x0000000001d90800 DEOPT PACKING pc=0x0000000002681ee8 sp=0x0000000001d4ecc0
Event: 16.374 Thread 0x0000000001d90800 DEOPT UNPACKING pc=0x0000000001ed556a sp=0x0000000001d4ec38 mode 2


Dynamic libraries:
0x00007ff6b5f80000 - 0x00007ff6b5fb4000 	C:\Program Files\Java\jdk1.8.0_25\bin\java.exe
0x00007ffcfa2d0000 - 0x00007ffcfa47c000 	C:\windows\SYSTEM32\ntdll.dll
0x00007ffcf8c00000 - 0x00007ffcf8d3e000 	C:\windows\system32\KERNEL32.DLL
0x00007ffcf7830000 - 0x00007ffcf7945000 	C:\windows\system32\KERNELBASE.dll
0x00007ffcf5fc0000 - 0x00007ffcf604e000 	C:\windows\system32\apphelp.dll
0x00007ffcea0e0000 - 0x00007ffcea133000 	C:\windows\AppPatch\AppPatch64\AcGenral.DLL
0x00007ffcf8b40000 - 0x00007ffcf8bea000 	C:\windows\system32\msvcrt.dll
0x00007ffcf72c0000 - 0x00007ffcf72ee000 	C:\windows\SYSTEM32\SspiCli.dll
0x00007ffcfa270000 - 0x00007ffcfa2c4000 	C:\windows\system32\SHLWAPI.dll
0x00007ffcf89c0000 - 0x00007ffcf8b37000 	C:\windows\system32\USER32.dll
0x00007ffcf7d30000 - 0x00007ffcf7ec4000 	C:\windows\system32\ole32.dll
0x00007ffcf8d40000 - 0x00007ffcfa26b000 	C:\windows\system32\SHELL32.dll
0x00007ffcf6a40000 - 0x00007ffcf6a61000 	C:\windows\SYSTEM32\USERENV.dll
0x00007ffcf7af0000 - 0x00007ffcf7b9a000 	C:\windows\system32\ADVAPI32.dll
0x00007ffceddf0000 - 0x00007ffcede0e000 	C:\windows\SYSTEM32\MPR.dll
0x00007ffcf8630000 - 0x00007ffcf8771000 	C:\windows\system32\RPCRT4.dll
0x00007ffcf7ba0000 - 0x00007ffcf7bf9000 	C:\windows\SYSTEM32\sechost.dll
0x00007ffcf81f0000 - 0x00007ffcf8401000 	C:\windows\SYSTEM32\combase.dll
0x00007ffcf7ef0000 - 0x00007ffcf803f000 	C:\windows\system32\GDI32.dll
0x00007ffcf7420000 - 0x00007ffcf7435000 	C:\windows\SYSTEM32\profapi.dll
0x00007ffcf5990000 - 0x00007ffcf5a42000 	C:\windows\SYSTEM32\SHCORE.dll
0x00007ffcf8410000 - 0x00007ffcf8446000 	C:\windows\system32\IMM32.DLL
0x00007ffcf8850000 - 0x00007ffcf89a2000 	C:\windows\system32\MSCTF.dll
0x00007ffcf4ed0000 - 0x00007ffcf514b000 	C:\windows\WinSxS\amd64_microsoft.windows.common-controls_6595b64144ccf1df_6.0.9600.18006_none_623f33d3ecbe86e8\COMCTL32.dll
0x00000000630f0000 - 0x00000000631c2000 	C:\Program Files\Java\jdk1.8.0_25\jre\bin\msvcr100.dll
0x0000000063b60000 - 0x00000000643ba000 	C:\Program Files\Java\jdk1.8.0_25\jre\bin\server\jvm.dll
0x00007ffcebcb0000 - 0x00007ffcebcb9000 	C:\windows\SYSTEM32\WSOCK32.dll
0x00007ffceb360000 - 0x00007ffceb382000 	C:\windows\SYSTEM32\WINMM.dll
0x00007ffcf8780000 - 0x00007ffcf8787000 	C:\windows\system32\PSAPI.DLL
0x00007ffcf7950000 - 0x00007ffcf79aa000 	C:\windows\system32\WS2_32.dll
0x00007ffceb330000 - 0x00007ffceb35a000 	C:\windows\SYSTEM32\WINMMBASE.dll
0x00007ffcf89b0000 - 0x00007ffcf89b9000 	C:\windows\system32\NSI.dll
0x00007ffcf77e0000 - 0x00007ffcf782f000 	C:\windows\SYSTEM32\cfgmgr32.dll
0x00007ffcf6210000 - 0x00007ffcf6238000 	C:\windows\SYSTEM32\DEVOBJ.dll
0x0000000063b50000 - 0x0000000063b5f000 	C:\Program Files\Java\jdk1.8.0_25\jre\bin\verify.dll
0x0000000063b20000 - 0x0000000063b48000 	C:\Program Files\Java\jdk1.8.0_25\jre\bin\java.dll
0x0000000063b00000 - 0x0000000063b16000 	C:\Program Files\Java\jdk1.8.0_25\jre\bin\zip.dll
0x00007ffcf29a0000 - 0x00007ffcf2b29000 	C:\windows\SYSTEM32\dbghelp.dll

VM Arguments:
jvm_args: -Xmx1024M -Dfile.encoding=windows-1252 -Duser.country=US -Duser.language=en -Duser.variant 
java_command: com.android.dx.command.Main --dex --num-threads=4 --output C:\Users\Thomas\AndroidStudioProjects\Simon\app\build\intermediates\pre-dexed\debug\internal_impl-23.0.1-0d07483cb44d17c068c74825a36dad276d30ec08.jar C:\Users\Thomas\AndroidStudioProjects\Simon\app\build\intermediates\exploded-aar\com.android.support\support-v4\23.0.1\jars\libs\internal_impl-23.0.1.jar
java_class_path (initial): C:\Users\Thomas\AppData\Local\Android\sdk\build-tools\23.0.1\lib\dx.jar
Launcher Type: SUN_STANDARD

Environment Variables:
JAVA_HOME=C:\Program Files\Java\jdk1.8.0_25
PATH=C:\ProgramData\Oracle\Java\javapath;C:\windows\system32;C:\windows;C:\windows\System32\Wbem;C:\windows\System32\WindowsPowerShell\v1.0\;C:\Program Files\nodejs\;C:\Program Files\Microsoft SQL Server\110\Tools\Binn\;C:\Program Files\Microsoft SQL Server\120\Tools\Binn\;C:\Program Files (x86)\Skype\Phone\;C:\Users\Thomas\AppData\Roaming\npm
USERNAME=Thomas
OS=Windows_NT
PROCESSOR_IDENTIFIER=Intel64 Family 6 Model 69 Stepping 1, GenuineIntel



---------------  S Y S T E M  ---------------

OS: Windows 8.1 , 64 bit Build 9600 

CPU:total 4 (2 cores per cpu, 2 threads per core) family 6 model 69 stepping 1, cmov, cx8, fxsr, mmx, sse, sse2, sse3, ssse3, sse4.1, sse4.2, popcnt, avx, avx2, aes, clmul, erms, lzcnt, ht, tsc, tscinvbit, bmi1, bmi2

Memory: 4k page, physical 4097096k(245888k free), swap 7242824k(116064k free)

vm_info: Java HotSpot(TM) 64-Bit Server VM (25.25-b02) for windows-amd64 JRE (1.8.0_25-b18), built on Oct  7 2014 14:25:37 by "java_re" with MS VC++ 10.0 (VS2010)

time: Wed Oct 14 15:54:36 2015
elapsed time: 17 seconds (0d 0h 0m 17s)

