#
# There is insufficient memory for the Java Runtime Environment to continue.
# Native memory allocation (malloc) failed to allocate 1763856 bytes for Chunk::new
# Possible reasons:
#   The system is out of physical RAM or swap space
#   In 32 bit mode, the process size limit was hit
# Possible solutions:
#   Reduce memory load on the system
#   Increase physical memory or swap space
#   Check if swap backing store is full
#   Use 64 bit Java on a 64 bit OS
#   Decrease Java heap size (-Xmx/-Xms)
#   Decrease number of Java threads
#   Decrease Java thread stack sizes (-Xss)
#   Set larger code cache with -XX:ReservedCodeCacheSize=
# This output file may be truncated or incomplete.
#
#  Out of Memory Error (allocation.cpp:390), pid=6672, tid=5452
#
# JRE version: Java(TM) SE Runtime Environment (8.0_25-b18) (build 1.8.0_25-b18)
# Java VM: Java HotSpot(TM) 64-Bit Server VM (25.25-b02 mixed mode windows-amd64 compressed oops)
# Failed to write core dump. Minidumps are not enabled by default on client versions of Windows
#

---------------  T H R E A D  ---------------

Current thread (0x0000000014ded000):  JavaThread "C2 CompilerThread1" daemon [_thread_in_native, id=5452, stack(0x0000000016400000,0x0000000016500000)]

Stack: [0x0000000016400000,0x0000000016500000]
Native frames: (J=compiled Java code, j=interpreted, Vv=VM code, C=native code)
V  [jvm.dll+0x31667a]
V  [jvm.dll+0x267073]
V  [jvm.dll+0x267cb3]
V  [jvm.dll+0x25f5b5]
V  [jvm.dll+0xbf165]
V  [jvm.dll+0xbf60c]
V  [jvm.dll+0x45d672]
V  [jvm.dll+0x49e8ef]
V  [jvm.dll+0x452b41]
V  [jvm.dll+0x453864]
V  [jvm.dll+0x437372]
V  [jvm.dll+0x98a02]
V  [jvm.dll+0x991f3]
V  [jvm.dll+0x22bde4]
V  [jvm.dll+0x2852fa]
C  [msvcr100.dll+0x21d9f]
C  [msvcr100.dll+0x21e3b]
C  [KERNEL32.DLL+0x13d2]
C  [ntdll.dll+0x15454]


Current CompileTask:
C2:  17671 1798   !   4       com.android.dx.cf.code.BytecodeArray::parseInstruction (2764 bytes)


---------------  P R O C E S S  ---------------

Java Threads: ( => current thread )
  0x0000000016867000 JavaThread "pool-1-thread-4" [_thread_in_Java, id=6552, stack(0x0000000017000000,0x0000000017100000)]
  0x000000001685d800 JavaThread "pool-1-thread-3" [_thread_in_Java, id=7032, stack(0x0000000016f00000,0x0000000017000000)]
  0x000000001685b000 JavaThread "pool-1-thread-2" [_thread_in_Java, id=4576, stack(0x0000000016e00000,0x0000000016f00000)]
  0x0000000016859800 JavaThread "pool-2-thread-1" [_thread_blocked, id=7048, stack(0x0000000016d00000,0x0000000016e00000)]
  0x0000000016849000 JavaThread "pool-1-thread-1" [_thread_in_Java, id=3388, stack(0x0000000016c00000,0x0000000016d00000)]
  0x0000000014dfe800 JavaThread "Service Thread" daemon [_thread_blocked, id=3424, stack(0x0000000016a00000,0x0000000016b00000)]
  0x0000000014df0000 JavaThread "C1 CompilerThread2" daemon [_thread_blocked, id=6528, stack(0x0000000016500000,0x0000000016600000)]
=>0x0000000014ded000 JavaThread "C2 CompilerThread1" daemon [_thread_in_native, id=5452, stack(0x0000000016400000,0x0000000016500000)]
  0x0000000014d9b800 JavaThread "C2 CompilerThread0" daemon [_thread_in_native, id=3672, stack(0x0000000016300000,0x0000000016400000)]
  0x0000000014d9a000 JavaThread "Attach Listener" daemon [_thread_blocked, id=6456, stack(0x0000000016200000,0x0000000016300000)]
  0x0000000014d98800 JavaThread "Signal Dispatcher" daemon [_thread_blocked, id=6644, stack(0x0000000016100000,0x0000000016200000)]
  0x00000000026c6000 JavaThread "Finalizer" daemon [_thread_blocked, id=5584, stack(0x0000000016000000,0x0000000016100000)]
  0x00000000026bd000 JavaThread "Reference Handler" daemon [_thread_blocked, id=6388, stack(0x0000000015f00000,0x0000000016000000)]
  0x00000000025d0800 JavaThread "main" [_thread_in_Java, id=6140, stack(0x0000000002410000,0x0000000002510000)]

Other Threads:
  0x0000000014d65800 VMThread [stack: 0x0000000015e00000,0x0000000015f00000] [id=5736]
  0x0000000016604800 WatcherThread [stack: 0x0000000016b00000,0x0000000016c00000] [id=2404]

VM state:not at safepoint (normal execution)

VM Mutex/Monitor currently owned by a thread: None

Heap:
 PSYoungGen      total 68096K, used 58367K [0x00000000eab00000, 0x00000000f4400000, 0x0000000100000000)
  eden space 65536K, 85% used [0x00000000eab00000,0x00000000ee184808,0x00000000eeb00000)
  from space 2560K, 99% used [0x00000000eeb00000,0x00000000eed7b5b0,0x00000000eed80000)
  to   space 12800K, 0% used [0x00000000f3780000,0x00000000f3780000,0x00000000f4400000)
 ParOldGen       total 44032K, used 24649K [0x00000000c0000000, 0x00000000c2b00000, 0x00000000eab00000)
  object space 44032K, 55% used [0x00000000c0000000,0x00000000c1812670,0x00000000c2b00000)
 Metaspace       used 6306K, capacity 7218K, committed 7296K, reserved 1056768K
  class space    used 605K, capacity 618K, committed 640K, reserved 1048576K

Card table byte_map: [0x0000000011a90000,0x0000000011ca0000] byte_map_base: 0x0000000011490000

Marking Bits: (ParMarkBitMap*) 0x000000006433d490
 Begin Bits: [0x0000000012200000, 0x0000000013200000)
 End Bits:   [0x0000000013200000, 0x0000000014200000)

Polling page: 0x0000000000b30000

CodeCache: size=245760Kb used=8287Kb max_used=8287Kb free=237472Kb
 bounds [0x00000000026d0000, 0x0000000002ef0000, 0x00000000116d0000]
 total_blobs=2165 nmethods=1900 adapters=178
 compilation: enabled

Compilation events (10 events):
Event: 16.285 Thread 0x0000000014df0000 1803       2       java.util.Collections$UnmodifiableCollection::size (10 bytes)
Event: 16.285 Thread 0x0000000014df0000 nmethod 1803 0x0000000002e55b50 code [0x0000000002e55cc0, 0x0000000002e55e48]
Event: 16.286 Thread 0x0000000014df0000 1804       2       com.android.dx.util.ByteArray::<init> (9 bytes)
Event: 16.286 Thread 0x0000000014df0000 nmethod 1804 0x0000000002e55790 code [0x0000000002e55900, 0x0000000002e55a88]
Event: 16.355 Thread 0x0000000014ded000 nmethod 1748 0x0000000002e83bd0 code [0x0000000002e847a0, 0x0000000002e87788]
Event: 16.358 Thread 0x0000000014ded000 1798   !   4       com.android.dx.cf.code.BytecodeArray::parseInstruction (2764 bytes)
Event: 16.876 Thread 0x0000000014df0000 1805       2       java.util.HashMap::comparableClassFor (105 bytes)
Event: 16.877 Thread 0x0000000014df0000 nmethod 1805 0x0000000002e64890 code [0x0000000002e64a40, 0x0000000002e64ea8]
Event: 16.890 Thread 0x0000000014df0000 1806       2       com.android.dx.cf.code.LocalVariableList::<init> (6 bytes)
Event: 16.891 Thread 0x0000000014df0000 nmethod 1806 0x0000000002e55410 code [0x0000000002e55580, 0x0000000002e556e8]

GC Heap History (8 events):
Event: 3.225 GC heap before
{Heap before GC invocations=1 (full 0):
 PSYoungGen      total 18944K, used 16384K [0x00000000eab00000, 0x00000000ec000000, 0x0000000100000000)
  eden space 16384K, 100% used [0x00000000eab00000,0x00000000ebb00000,0x00000000ebb00000)
  from space 2560K, 0% used [0x00000000ebd80000,0x00000000ebd80000,0x00000000ec000000)
  to   space 2560K, 0% used [0x00000000ebb00000,0x00000000ebb00000,0x00000000ebd80000)
 ParOldGen       total 44032K, used 0K [0x00000000c0000000, 0x00000000c2b00000, 0x00000000eab00000)
  object space 44032K, 0% used [0x00000000c0000000,0x00000000c0000000,0x00000000c2b00000)
 Metaspace       used 5708K, capacity 6768K, committed 7040K, reserved 1056768K
  class space    used 578K, capacity 616K, committed 640K, reserved 1048576K
Event: 3.389 GC heap after
Heap after GC invocations=1 (full 0):
 PSYoungGen      total 18944K, used 2538K [0x00000000eab00000, 0x00000000ed000000, 0x0000000100000000)
  eden space 16384K, 0% used [0x00000000eab00000,0x00000000eab00000,0x00000000ebb00000)
  from space 2560K, 99% used [0x00000000ebb00000,0x00000000ebd7aac8,0x00000000ebd80000)
  to   space 2560K, 0% used [0x00000000ecd80000,0x00000000ecd80000,0x00000000ed000000)
 ParOldGen       total 44032K, used 1678K [0x00000000c0000000, 0x00000000c2b00000, 0x00000000eab00000)
  object space 44032K, 3% used [0x00000000c0000000,0x00000000c01a3b68,0x00000000c2b00000)
 Metaspace       used 5708K, capacity 6768K, committed 7040K, reserved 1056768K
  class space    used 578K, capacity 616K, committed 640K, reserved 1048576K
}
Event: 5.988 GC heap before
{Heap before GC invocations=2 (full 0):
 PSYoungGen      total 18944K, used 18922K [0x00000000eab00000, 0x00000000ed000000, 0x0000000100000000)
  eden space 16384K, 100% used [0x00000000eab00000,0x00000000ebb00000,0x00000000ebb00000)
  from space 2560K, 99% used [0x00000000ebb00000,0x00000000ebd7aac8,0x00000000ebd80000)
  to   space 2560K, 0% used [0x00000000ecd80000,0x00000000ecd80000,0x00000000ed000000)
 ParOldGen       total 44032K, used 1678K [0x00000000c0000000, 0x00000000c2b00000, 0x00000000eab00000)
  object space 44032K, 3% used [0x00000000c0000000,0x00000000c01a3b68,0x00000000c2b00000)
 Metaspace       used 5961K, capacity 7024K, committed 7296K, reserved 1056768K
  class space    used 585K, capacity 616K, committed 640K, reserved 1048576K
Event: 7.301 GC heap after
Heap after GC invocations=2 (full 0):
 PSYoungGen      total 35328K, used 2549K [0x00000000eab00000, 0x00000000ed000000, 0x0000000100000000)
  eden space 32768K, 0% used [0x00000000eab00000,0x00000000eab00000,0x00000000ecb00000)
  from space 2560K, 99% used [0x00000000ecd80000,0x00000000ecffd500,0x00000000ed000000)
  to   space 2560K, 0% used [0x00000000ecb00000,0x00000000ecb00000,0x00000000ecd80000)
 ParOldGen       total 44032K, used 4744K [0x00000000c0000000, 0x00000000c2b00000, 0x00000000eab00000)
  object space 44032K, 10% used [0x00000000c0000000,0x00000000c04a2040,0x00000000c2b00000)
 Metaspace       used 5961K, capacity 7024K, committed 7296K, reserved 1056768K
  class space    used 585K, capacity 616K, committed 640K, reserved 1048576K
}
Event: 11.866 GC heap before
{Heap before GC invocations=3 (full 0):
 PSYoungGen      total 35328K, used 35317K [0x00000000eab00000, 0x00000000ed000000, 0x0000000100000000)
  eden space 32768K, 100% used [0x00000000eab00000,0x00000000ecb00000,0x00000000ecb00000)
  from space 2560K, 99% used [0x00000000ecd80000,0x00000000ecffd500,0x00000000ed000000)
  to   space 2560K, 0% used [0x00000000ecb00000,0x00000000ecb00000,0x00000000ecd80000)
 ParOldGen       total 44032K, used 4744K [0x00000000c0000000, 0x00000000c2b00000, 0x00000000eab00000)
  object space 44032K, 10% used [0x00000000c0000000,0x00000000c04a2040,0x00000000c2b00000)
 Metaspace       used 6135K, capacity 7090K, committed 7296K, reserved 1056768K
  class space    used 604K, capacity 618K, committed 640K, reserved 1048576K
Event: 12.243 GC heap after
Heap after GC invocations=3 (full 0):
 PSYoungGen      total 35328K, used 2542K [0x00000000eab00000, 0x00000000ef000000, 0x0000000100000000)
  eden space 32768K, 0% used [0x00000000eab00000,0x00000000eab00000,0x00000000ecb00000)
  from space 2560K, 99% used [0x00000000ecb00000,0x00000000ecd7b890,0x00000000ecd80000)
  to   space 2560K, 0% used [0x00000000eed80000,0x00000000eed80000,0x00000000ef000000)
 ParOldGen       total 44032K, used 9594K [0x00000000c0000000, 0x00000000c2b00000, 0x00000000eab00000)
  object space 44032K, 21% used [0x00000000c0000000,0x00000000c095ea78,0x00000000c2b00000)
 Metaspace       used 6135K, capacity 7090K, committed 7296K, reserved 1056768K
  class space    used 604K, capacity 618K, committed 640K, reserved 1048576K
}
Event: 15.237 GC heap before
{Heap before GC invocations=4 (full 0):
 PSYoungGen      total 35328K, used 35310K [0x00000000eab00000, 0x00000000ef000000, 0x0000000100000000)
  eden space 32768K, 100% used [0x00000000eab00000,0x00000000ecb00000,0x00000000ecb00000)
  from space 2560K, 99% used [0x00000000ecb00000,0x00000000ecd7b890,0x00000000ecd80000)
  to   space 2560K, 0% used [0x00000000eed80000,0x00000000eed80000,0x00000000ef000000)
 ParOldGen       total 44032K, used 9594K [0x00000000c0000000, 0x00000000c2b00000, 0x00000000eab00000)
  object space 44032K, 21% used [0x00000000c0000000,0x00000000c095ea78,0x00000000c2b00000)
 Metaspace       used 6200K, capacity 7090K, committed 7296K, reserved 1056768K
  class space    used 605K, capacity 618K, committed 640K, reserved 1048576K
Event: 15.466 GC heap after
Heap after GC invocations=4 (full 0):
 PSYoungGen      total 68096K, used 2541K [0x00000000eab00000, 0x00000000ef000000, 0x0000000100000000)
  eden space 65536K, 0% used [0x00000000eab00000,0x00000000eab00000,0x00000000eeb00000)
  from space 2560K, 99% used [0x00000000eed80000,0x00000000eeffb5b0,0x00000000ef000000)
  to   space 2560K, 0% used [0x00000000eeb00000,0x00000000eeb00000,0x00000000eed80000)
 ParOldGen       total 44032K, used 14546K [0x00000000c0000000, 0x00000000c2b00000, 0x00000000eab00000)
  object space 44032K, 33% used [0x00000000c0000000,0x00000000c0e34900,0x00000000c2b00000)
 Metaspace       used 6200K, capacity 7090K, committed 7296K, reserved 1056768K
  class space    used 605K, capacity 618K, committed 640K, reserved 1048576K
}

Deoptimization events (10 events):
Event: 12.525 Thread 0x000000001685b000 Uncommon trap: reason=unreached action=reinterpret pc=0x0000000002b498dc method=com.android.dx.ssa.SsaMethod.updateOneDefinition(Lcom/android/dx/ssa/SsaInsn;Lcom/android/dx/rop/code/RegisterSpec;)V @ 4
Event: 12.872 Thread 0x000000001685b000 Uncommon trap: reason=bimorphic action=maybe_recompile pc=0x0000000002d648cc method=com.android.dx.cf.code.BytecodeArray.parseInstruction(ILcom/android/dx/cf/code/BytecodeArray$Visitor;)I @ 1287
Event: 12.872 Thread 0x000000001685b000 Uncommon trap: reason=bimorphic action=maybe_recompile pc=0x0000000002d648cc method=com.android.dx.cf.code.BytecodeArray.parseInstruction(ILcom/android/dx/cf/code/BytecodeArray$Visitor;)I @ 1287
Event: 14.343 Thread 0x000000001685b000 Uncommon trap: reason=bimorphic action=maybe_recompile pc=0x0000000002d63910 method=com.android.dx.cf.code.BytecodeArray.parseInstruction(ILcom/android/dx/cf/code/BytecodeArray$Visitor;)I @ 1501
Event: 14.344 Thread 0x000000001685b000 Uncommon trap: reason=bimorphic action=maybe_recompile pc=0x0000000002d63910 method=com.android.dx.cf.code.BytecodeArray.parseInstruction(ILcom/android/dx/cf/code/BytecodeArray$Visitor;)I @ 1501
Event: 14.476 Thread 0x0000000016867000 Uncommon trap: reason=unreached action=reinterpret pc=0x0000000002d38a88 method=java.util.HashMap.putVal(ILjava/lang/Object;Ljava/lang/Object;ZZ)Ljava/lang/Object; @ 109
Event: 14.477 Thread 0x0000000016867000 Uncommon trap: reason=unreached action=reinterpret pc=0x0000000002c5227c method=java.util.HashMap.putVal(ILjava/lang/Object;Ljava/lang/Object;ZZ)Ljava/lang/Object; @ 109
Event: 16.170 Thread 0x0000000016849000 Uncommon trap: reason=class_check action=maybe_recompile pc=0x0000000002e35ad0 method=com.android.dx.cf.code.BytecodeArray.parseInstruction(ILcom/android/dx/cf/code/BytecodeArray$Visitor;)I @ 2002
Event: 16.171 Thread 0x0000000016849000 Uncommon trap: reason=class_check action=maybe_recompile pc=0x0000000002e35ad0 method=com.android.dx.cf.code.BytecodeArray.parseInstruction(ILcom/android/dx/cf/code/BytecodeArray$Visitor;)I @ 2002
Event: 16.207 Thread 0x0000000016849000 Uncommon trap: reason=unreached action=reinterpret pc=0x0000000002e533b0 method=com.android.dx.cf.code.BaseMachine.getLocalTarget(Z)Lcom/android/dx/rop/code/RegisterSpec; @ 131

Internal exceptions (10 events):
Event: 3.455 Thread 0x000000001685d800 Exception <a 'java/security/PrivilegedActionException'> (0x00000000eac6eb78) thrown at [D:\re\workspace\8-2-build-windows-amd64-cygwin\jdk8u25\1677\hotspot\src\share\vm\prims\jvm.cpp, line 1312]
Event: 3.590 Thread 0x000000001685d800 Exception <a 'java/security/PrivilegedActionException'> (0x00000000eaeea860) thrown at [D:\re\workspace\8-2-build-windows-amd64-cygwin\jdk8u25\1677\hotspot\src\share\vm\prims\jvm.cpp, line 1312]
Event: 3.616 Thread 0x00000000025d0800 Exception <a 'java/security/PrivilegedActionException'> (0x00000000eaf85d20) thrown at [D:\re\workspace\8-2-build-windows-amd64-cygwin\jdk8u25\1677\hotspot\src\share\vm\prims\jvm.cpp, line 1312]
Event: 9.281 Thread 0x00000000025d0800 Exception <a 'java/lang/ArrayIndexOutOfBoundsException': 18> (0x00000000eb6df848) thrown at [D:\re\workspace\8-2-build-windows-amd64-cygwin\jdk8u25\1677\hotspot\src\share\vm\interpreter\interpreterRuntime.cpp, line 366]
Event: 9.282 Thread 0x00000000025d0800 Exception <a 'java/lang/ArrayIndexOutOfBoundsException': 145> (0x00000000eb6e12e0) thrown at [D:\re\workspace\8-2-build-windows-amd64-cygwin\jdk8u25\1677\hotspot\src\share\vm\interpreter\interpreterRuntime.cpp, line 366]
Event: 9.402 Thread 0x00000000025d0800 Exception <a 'java/lang/ArrayIndexOutOfBoundsException'> (0x00000000eb6e24f8) thrown at [D:\re\workspace\8-2-build-windows-amd64-cygwin\jdk8u25\1677\hotspot\src\share\vm\runtime\sharedRuntime.cpp, line 604]
Event: 11.335 Thread 0x00000000025d0800 Implicit null exception at 0x0000000002d458e2 to 0x0000000002d49525
Event: 12.523 Thread 0x000000001685b000 Exception <a 'java/security/PrivilegedActionException'> (0x00000000eb5ee670) thrown at [D:\re\workspace\8-2-build-windows-amd64-cygwin\jdk8u25\1677\hotspot\src\share\vm\prims\jvm.cpp, line 1312]
Event: 14.241 Thread 0x00000000025d0800 Exception <a 'java/security/PrivilegedActionException'> (0x00000000eb7c91a0) thrown at [D:\re\workspace\8-2-build-windows-amd64-cygwin\jdk8u25\1677\hotspot\src\share\vm\prims\jvm.cpp, line 1312]
Event: 16.226 Thread 0x00000000025d0800 Exception <a 'java/security/PrivilegedActionException'> (0x00000000eb1582d0) thrown at [D:\re\workspace\8-2-build-windows-amd64-cygwin\jdk8u25\1677\hotspot\src\share\vm\prims\jvm.cpp, line 1312]

Events (10 events):
Event: 16.171 Thread 0x0000000016849000 Uncommon trap: trap_request=0xffffffde fr.pc=0x0000000002e35ad0
Event: 16.171 Thread 0x0000000016849000 DEOPT PACKING pc=0x0000000002e35ad0 sp=0x0000000016cfe5c0
Event: 16.171 Thread 0x0000000016849000 DEOPT UNPACKING pc=0x000000000271556a sp=0x0000000016cfe558 mode 2
Event: 16.173 Thread 0x0000000016849000 DEOPT PACKING pc=0x0000000002b03a16 sp=0x0000000016cfe2c0
Event: 16.173 Thread 0x0000000016849000 DEOPT UNPACKING pc=0x00000000027175bf sp=0x0000000016cfe100 mode 0
Event: 16.207 Thread 0x0000000016849000 Uncommon trap: trap_request=0xffffffad fr.pc=0x0000000002e533b0
Event: 16.207 Thread 0x0000000016849000 DEOPT PACKING pc=0x0000000002e533b0 sp=0x0000000016cfd980
Event: 16.207 Thread 0x0000000016849000 DEOPT UNPACKING pc=0x000000000271556a sp=0x0000000016cfd8b0 mode 2
Event: 16.226 loading class com/android/dx/cf/attrib/AttExceptions
Event: 16.226 loading class com/android/dx/cf/attrib/AttExceptions done


Dynamic libraries:
0x00007ff6b5f80000 - 0x00007ff6b5fb4000 	C:\Program Files\Java\jdk1.8.0_25\bin\java.exe
0x00007ffcfa2d0000 - 0x00007ffcfa47c000 	C:\windows\SYSTEM32\ntdll.dll
0x00007ffcf8c00000 - 0x00007ffcf8d3e000 	C:\windows\system32\KERNEL32.DLL
0x00007ffcf7830000 - 0x00007ffcf7945000 	C:\windows\system32\KERNELBASE.dll
0x00007ffcf5fc0000 - 0x00007ffcf604e000 	C:\windows\system32\apphelp.dll
0x00007ffcea0e0000 - 0x00007ffcea133000 	C:\windows\AppPatch\AppPatch64\AcGenral.DLL
0x00007ffcf8b40000 - 0x00007ffcf8bea000 	C:\windows\system32\msvcrt.dll
0x00007ffcf72c0000 - 0x00007ffcf72ee000 	C:\windows\SYSTEM32\SspiCli.dll
0x00007ffcfa270000 - 0x00007ffcfa2c4000 	C:\windows\system32\SHLWAPI.dll
0x00007ffcf89c0000 - 0x00007ffcf8b37000 	C:\windows\system32\USER32.dll
0x00007ffcf7d30000 - 0x00007ffcf7ec4000 	C:\windows\system32\ole32.dll
0x00007ffcf8d40000 - 0x00007ffcfa26b000 	C:\windows\system32\SHELL32.dll
0x00007ffcf6a40000 - 0x00007ffcf6a61000 	C:\windows\SYSTEM32\USERENV.dll
0x00007ffcf7af0000 - 0x00007ffcf7b9a000 	C:\windows\system32\ADVAPI32.dll
0x00007ffceddf0000 - 0x00007ffcede0e000 	C:\windows\SYSTEM32\MPR.dll
0x00007ffcf8630000 - 0x00007ffcf8771000 	C:\windows\system32\RPCRT4.dll
0x00007ffcf7ba0000 - 0x00007ffcf7bf9000 	C:\windows\SYSTEM32\sechost.dll
0x00007ffcf81f0000 - 0x00007ffcf8401000 	C:\windows\SYSTEM32\combase.dll
0x00007ffcf7ef0000 - 0x00007ffcf803f000 	C:\windows\system32\GDI32.dll
0x00007ffcf7420000 - 0x00007ffcf7435000 	C:\windows\SYSTEM32\profapi.dll
0x00007ffcf5990000 - 0x00007ffcf5a42000 	C:\windows\SYSTEM32\SHCORE.dll
0x00007ffcf8410000 - 0x00007ffcf8446000 	C:\windows\system32\IMM32.DLL
0x00007ffcf8850000 - 0x00007ffcf89a2000 	C:\windows\system32\MSCTF.dll
0x00007ffcf4ed0000 - 0x00007ffcf514b000 	C:\windows\WinSxS\amd64_microsoft.windows.common-controls_6595b64144ccf1df_6.0.9600.18006_none_623f33d3ecbe86e8\COMCTL32.dll
0x00000000630f0000 - 0x00000000631c2000 	C:\Program Files\Java\jdk1.8.0_25\jre\bin\msvcr100.dll
0x0000000063b60000 - 0x00000000643ba000 	C:\Program Files\Java\jdk1.8.0_25\jre\bin\server\jvm.dll
0x00007ffcebcb0000 - 0x00007ffcebcb9000 	C:\windows\SYSTEM32\WSOCK32.dll
0x00007ffceb360000 - 0x00007ffceb382000 	C:\windows\SYSTEM32\WINMM.dll
0x00007ffcf8780000 - 0x00007ffcf8787000 	C:\windows\system32\PSAPI.DLL
0x00007ffcf7950000 - 0x00007ffcf79aa000 	C:\windows\system32\WS2_32.dll
0x00007ffceb330000 - 0x00007ffceb35a000 	C:\windows\SYSTEM32\WINMMBASE.dll
0x00007ffcf89b0000 - 0x00007ffcf89b9000 	C:\windows\system32\NSI.dll
0x00007ffcf77e0000 - 0x00007ffcf782f000 	C:\windows\SYSTEM32\cfgmgr32.dll
0x00007ffcf6210000 - 0x00007ffcf6238000 	C:\windows\SYSTEM32\DEVOBJ.dll
0x0000000063b50000 - 0x0000000063b5f000 	C:\Program Files\Java\jdk1.8.0_25\jre\bin\verify.dll
0x0000000063b20000 - 0x0000000063b48000 	C:\Program Files\Java\jdk1.8.0_25\jre\bin\java.dll
0x0000000063b00000 - 0x0000000063b16000 	C:\Program Files\Java\jdk1.8.0_25\jre\bin\zip.dll
0x00007ffcf29a0000 - 0x00007ffcf2b29000 	C:\windows\SYSTEM32\dbghelp.dll

VM Arguments:
jvm_args: -Xmx1024M -Dfile.encoding=windows-1252 -Duser.country=US -Duser.language=en -Duser.variant 
java_command: com.android.dx.command.Main --dex --num-threads=4 --output C:\Users\Thomas\AndroidStudioProjects\Simon\app\build\intermediates\pre-dexed\debug\classes-b545ea9f8faecf7fce2a0491f864aa9d64985f1a.jar C:\Users\Thomas\AndroidStudioProjects\Simon\app\build\intermediates\exploded-aar\com.android.support\support-v4\23.0.1\jars\classes.jar
java_class_path (initial): C:\Users\Thomas\AppData\Local\Android\sdk\build-tools\23.0.1\lib\dx.jar
Launcher Type: SUN_STANDARD

Environment Variables:
JAVA_HOME=C:\Program Files\Java\jdk1.8.0_25
PATH=C:\ProgramData\Oracle\Java\javapath;C:\windows\system32;C:\windows;C:\windows\System32\Wbem;C:\windows\System32\WindowsPowerShell\v1.0\;C:\Program Files\nodejs\;C:\Program Files\Microsoft SQL Server\110\Tools\Binn\;C:\Program Files\Microsoft SQL Server\120\Tools\Binn\;C:\Program Files (x86)\Skype\Phone\;C:\Users\Thomas\AppData\Roaming\npm
USERNAME=Thomas
OS=Windows_NT
PROCESSOR_IDENTIFIER=Intel64 Family 6 Model 69 Stepping 1, GenuineIntel



---------------  S Y S T E M  ---------------

OS: Windows 8.1 , 64 bit Build 9600 

CPU:total 4 (2 cores per cpu, 2 threads per core) family 6 model 69 stepping 1, cmov, cx8, fxsr, mmx, sse, sse2, sse3, ssse3, sse4.1, sse4.2, popcnt, avx, avx2, aes, clmul, erms, lzcnt, ht, tsc, tscinvbit, bmi1, bmi2

Memory: 4k page, physical 4097096k(245884k free), swap 7242824k(116052k free)

vm_info: Java HotSpot(TM) 64-Bit Server VM (25.25-b02) for windows-amd64 JRE (1.8.0_25-b18), built on Oct  7 2014 14:25:37 by "java_re" with MS VC++ 10.0 (VS2010)

time: Wed Oct 14 15:54:36 2015
elapsed time: 17 seconds (0d 0h 0m 17s)

